[0m15:06:50.869015 [debug] [MainThread]: Sending event: {'category': 'dbt', 'action': 'invocation', 'label': 'start', 'context': [<snowplow_tracker.self_describing_json.SelfDescribingJson object at 0x000001AFA57697F0>, <snowplow_tracker.self_describing_json.SelfDescribingJson object at 0x000001AFA13BEE90>, <snowplow_tracker.self_describing_json.SelfDescribingJson object at 0x000001AFA7907D90>]}


============================== 15:06:50.872806 | 7a2b2ac3-3dbc-4131-9c2b-7804f0deff4d ==============================
[0m15:06:50.872806 [info ] [MainThread]: Running with dbt=1.11.11
[0m15:06:50.873537 [debug] [MainThread]: running dbt with arguments {'version_check': 'True', 'no_print': 'None', 'static_parser': 'True', 'target_path': 'None', 'warn_error_options': 'WarnErrorOptionsV2(error=[], warn=[], silence=[])', 'printer_width': '80', 'write_json': 'True', 'introspect': 'True', 'log_cache_events': 'False', 'empty': 'None', 'cache_selected_only': 'False', 'log_format': 'default', 'debug': 'False', 'fail_fast': 'False', 'partial_parse': 'True', 'send_anonymous_usage_stats': 'True', 'quiet': 'False', 'warn_error': 'None', 'profiles_dir': 'C:\\Users\\Sonia\\.dbt', 'use_colors': 'True', 'invocation_command': 'dbt init retailiq_dbt', 'indirect_selection': 'eager', 'use_experimental_parser': 'False', 'log_path': 'logs'}
[0m15:06:50.882168 [info ] [MainThread]: Creating dbt configuration folder at C:\Users\Sonia\.dbt
[0m15:06:50.884010 [debug] [MainThread]: Starter project path: C:\Users\Sonia\Documents\retailiq-analytics-platform\venv\Lib\site-packages\dbt\include\starter_project
[0m15:06:50.895761 [info ] [MainThread]: 
Your new dbt project "retailiq_dbt" was created!

For more information on how to configure the profiles.yml file,
please consult the dbt documentation here:

  https://docs.getdbt.com/docs/configure-your-profile

One more thing:

Need help? Don't hesitate to reach out to us via GitHub issues or on Slack:

  https://community.getdbt.com/

Happy modeling!

[0m15:06:50.896191 [info ] [MainThread]: Setting up your profile.
[0m15:07:05.465525 [debug] [MainThread]: Snowflake adapter: Setting snowflake.connector to ERROR (file logging only)
[0m15:07:05.466205 [debug] [MainThread]: Snowflake adapter: Setting botocore to ERROR (file logging only)
[0m15:07:05.466711 [debug] [MainThread]: Snowflake adapter: Setting boto3 to ERROR (file logging only)
[0m15:10:29.680801 [info ] [MainThread]: Profile retailiq_dbt written to C:\Users\Sonia\.dbt\profiles.yml using target's profile_template.yml and your supplied values. Run 'dbt debug' to validate the connection.
[0m15:10:29.682468 [debug] [MainThread]: Command `dbt init` succeeded at 15:10:29.682310 after 218.91 seconds
[0m15:10:29.682868 [debug] [MainThread]: Sending event: {'category': 'dbt', 'action': 'invocation', 'label': 'end', 'context': [<snowplow_tracker.self_describing_json.SelfDescribingJson object at 0x000001AFB8D62FD0>, <snowplow_tracker.self_describing_json.SelfDescribingJson object at 0x000001AFB87428D0>, <snowplow_tracker.self_describing_json.SelfDescribingJson object at 0x000001AFB8D90C00>]}
[0m15:10:29.683462 [debug] [MainThread]: Flushing usage events
[0m15:10:30.398680 [debug] [MainThread]: An error was encountered while trying to flush usage events
