[0m13:28:17.591523 [debug] [MainThread]: Sending event: {'category': 'dbt', 'action': 'invocation', 'label': 'start', 'context': [<snowplow_tracker.self_describing_json.SelfDescribingJson object at 0x00000286BD8F97F0>, <snowplow_tracker.self_describing_json.SelfDescribingJson object at 0x00000286B953EE90>, <snowplow_tracker.self_describing_json.SelfDescribingJson object at 0x00000286BFA9BD90>]}


============================== 13:28:17.602380 | 4aaf778a-80ea-465a-b620-7497b19c7003 ==============================
[0m13:28:17.602380 [info ] [MainThread]: Running with dbt=1.11.11
[0m13:28:17.603812 [debug] [MainThread]: running dbt with arguments {'version_check': 'True', 'no_print': 'None', 'static_parser': 'True', 'warn_error_options': 'WarnErrorOptionsV2(error=[], warn=[], silence=[])', 'target_path': 'None', 'printer_width': '80', 'write_json': 'True', 'empty': 'None', 'log_cache_events': 'False', 'introspect': 'True', 'cache_selected_only': 'False', 'fail_fast': 'False', 'debug': 'False', 'log_format': 'default', 'profiles_dir': 'C:\\Users\\Sonia\\.dbt', 'send_anonymous_usage_stats': 'True', 'quiet': 'False', 'warn_error': 'None', 'partial_parse': 'True', 'indirect_selection': 'eager', 'use_colors': 'True', 'invocation_command': 'dbt debug', 'use_experimental_parser': 'False', 'log_path': 'logs'}
[0m13:28:17.733221 [info ] [MainThread]: dbt version: 1.11.11
[0m13:28:17.734215 [info ] [MainThread]: python version: 3.13.9
[0m13:28:17.735132 [info ] [MainThread]: python path: C:\Users\Sonia\Documents\retailiq-analytics-platform\venv\Scripts\python.exe
[0m13:28:17.736089 [info ] [MainThread]: os info: Windows-11-10.0.26200-SP0
[0m13:28:23.879598 [debug] [MainThread]: Snowflake adapter: Setting snowflake.connector to ERROR (file logging only)
[0m13:28:23.881928 [debug] [MainThread]: Snowflake adapter: Setting botocore to ERROR (file logging only)
[0m13:28:23.883070 [debug] [MainThread]: Snowflake adapter: Setting boto3 to ERROR (file logging only)
[0m13:28:24.033697 [info ] [MainThread]: Using profiles dir at C:\Users\Sonia\.dbt
[0m13:28:24.034964 [info ] [MainThread]: Using profiles.yml file at C:\Users\Sonia\.dbt\profiles.yml
[0m13:28:24.036275 [info ] [MainThread]: Using dbt_project.yml file at C:\Users\Sonia\Documents\retailiq-analytics-platform\dbt_project.yml
[0m13:28:24.039399 [info ] [MainThread]: adapter type: snowflake
[0m13:28:24.042622 [info ] [MainThread]: adapter version: 1.11.5
[0m13:28:24.044051 [info ] [MainThread]: Configuration:
[0m13:28:24.047844 [info ] [MainThread]:   profiles.yml file [[32mOK found and valid[0m]
[0m13:28:24.049303 [info ] [MainThread]:   dbt_project.yml file [[31mERROR not found[0m]
[0m13:28:24.063263 [info ] [MainThread]: Required dependencies:
[0m13:28:24.066255 [debug] [MainThread]: Executing "git --help"
[0m13:28:24.160593 [debug] [MainThread]: STDOUT: "b"usage: git [-v | --version] [-h | --help] [-C <path>] [-c <name>=<value>]\n           [--exec-path[=<path>]] [--html-path] [--man-path] [--info-path]\n           [-p | --paginate | -P | --no-pager] [--no-replace-objects] [--no-lazy-fetch]\n           [--no-optional-locks] [--no-advice] [--bare] [--git-dir=<path>]\n           [--work-tree=<path>] [--namespace=<name>] [--config-env=<name>=<envvar>]\n           <command> [<args>]\n\nThese are common Git commands used in various situations:\n\nstart a working area (see also: git help tutorial)\n   clone      Clone a repository into a new directory\n   init       Create an empty Git repository or reinitialize an existing one\n\nwork on the current change (see also: git help everyday)\n   add        Add file contents to the index\n   mv         Move or rename a file, a directory, or a symlink\n   restore    Restore working tree files\n   rm         Remove files from the working tree and from the index\n\nexamine the history and state (see also: git help revisions)\n   bisect     Use binary search to find the commit that introduced a bug\n   diff       Show changes between commits, commit and working tree, etc\n   grep       Print lines matching a pattern\n   log        Show commit logs\n   show       Show various types of objects\n   status     Show the working tree status\n\ngrow, mark and tweak your common history\n   backfill   Download missing objects in a partial clone\n   branch     List, create, or delete branches\n   commit     Record changes to the repository\n   history    EXPERIMENTAL: Rewrite history\n   merge      Join two or more development histories together\n   rebase     Reapply commits on top of another base tip\n   reset      Set `HEAD` or the index to a known state\n   switch     Switch branches\n   tag        Create, list, delete or verify tags\n\ncollaborate (see also: git help workflows)\n   fetch      Download objects and refs from another repository\n   pull       Fetch from and integrate with another repository or a local branch\n   push       Update remote refs along with associated objects\n\n'git help -a' and 'git help -g' list available subcommands and some\nconcept guides. See 'git help <command>' or 'git help <concept>'\nto read about a specific subcommand or concept.\nSee 'git help git' for an overview of the system.\n""
[0m13:28:24.161713 [debug] [MainThread]: STDERR: "b''"
[0m13:28:24.162394 [info ] [MainThread]:  - git [[32mOK found[0m]

[0m13:28:24.163279 [info ] [MainThread]: Connection:
[0m13:28:24.164317 [info ] [MainThread]:   account: KCZTKFN-NJ39336
[0m13:28:24.165135 [info ] [MainThread]:   user: SONIAMAKKOLIL
[0m13:28:24.165952 [info ] [MainThread]:   database: RETAILIQ_DB
[0m13:28:24.166536 [info ] [MainThread]:   warehouse: RETAILIQ_WH
[0m13:28:24.167338 [info ] [MainThread]:   role: ACCOUNTADMIN
[0m13:28:24.168583 [info ] [MainThread]:   schema: STAGING
[0m13:28:24.169596 [info ] [MainThread]:   authenticator: None
[0m13:28:24.172132 [info ] [MainThread]:   oauth_client_id: None
[0m13:28:24.173084 [info ] [MainThread]:   query_tag: None
[0m13:28:24.174125 [info ] [MainThread]:   client_session_keep_alive: False
[0m13:28:24.176131 [info ] [MainThread]:   host: None
[0m13:28:24.178400 [info ] [MainThread]:   port: None
[0m13:28:24.182305 [info ] [MainThread]:   proxy_host: None
[0m13:28:24.185784 [info ] [MainThread]:   proxy_port: None
[0m13:28:24.188468 [info ] [MainThread]:   protocol: None
[0m13:28:24.191380 [info ] [MainThread]:   connect_retries: 1
[0m13:28:24.194906 [info ] [MainThread]:   connect_timeout: None
[0m13:28:24.196703 [info ] [MainThread]:   retry_on_database_errors: False
[0m13:28:24.197873 [info ] [MainThread]:   retry_all: False
[0m13:28:24.200608 [info ] [MainThread]:   insecure_mode: False
[0m13:28:24.203969 [info ] [MainThread]:   reuse_connections: True
[0m13:28:24.204873 [info ] [MainThread]:   s3_stage_vpce_dns_name: None
[0m13:28:24.206109 [info ] [MainThread]:   platform_detection_timeout_seconds: 0.0
[0m13:28:24.211647 [info ] [MainThread]: Registered adapter: snowflake=1.11.5
[0m13:28:25.837131 [debug] [MainThread]: Acquiring new snowflake connection 'debug'
[0m13:28:31.989878 [debug] [MainThread]: Using snowflake connection "debug"
[0m13:28:31.991884 [debug] [MainThread]: On debug: select 1 as id
[0m13:28:31.993413 [debug] [MainThread]: Opening a new connection, currently in state init
[0m13:28:33.553883 [debug] [MainThread]: SQL status: SUCCESS 1 in 1.560 seconds
[0m13:28:33.556444 [info ] [MainThread]:   Connection test: [[32mOK connection ok[0m]

[0m13:28:33.557969 [info ] [MainThread]: [31m1 check failed:[0m
[0m13:28:33.559020 [info ] [MainThread]: Project loading failed for the following reason:
 project path <C:\Users\Sonia\Documents\retailiq-analytics-platform\dbt_project.yml> not found

[0m13:28:33.561411 [debug] [MainThread]: Command `dbt debug` failed at 13:28:33.560900 after 16.25 seconds
[0m13:28:33.562558 [debug] [MainThread]: Connection 'debug' was left open.
[0m13:28:33.563407 [debug] [MainThread]: On debug: Close
[0m13:28:33.706519 [debug] [MainThread]: Sending event: {'category': 'dbt', 'action': 'invocation', 'label': 'end', 'context': [<snowplow_tracker.self_describing_json.SelfDescribingJson object at 0x00000286D16C7E10>, <snowplow_tracker.self_describing_json.SelfDescribingJson object at 0x00000286D1494290>, <snowplow_tracker.self_describing_json.SelfDescribingJson object at 0x00000286D0F87350>]}
[0m13:28:33.707983 [debug] [MainThread]: Flushing usage events
[0m13:28:34.953273 [debug] [MainThread]: An error was encountered while trying to flush usage events
